2025-11-27 08:37:58, MOVE, v:1, k:poo@agenda, mode:PICK
2025-11-27 08:37:59, EXEC, v:1, k:poo@agenda, mode:FULL, rate:0
2025-11-27 08:38:00, MOVE, v:1, k:poo@agenda, mode:BACK
2025-11-27 08:39:11, MOVE, v:1, k:poo@agenda, mode:PICK
2025-11-27 08:39:11, MOVE, v:1, k:poo@agenda, mode:BACK
2025-11-27 09:03:00, MOVE, v:1, k:poo@agenda, mode:PICK
2025-11-27 09:03:01, EXEC, v:1, k:poo@agenda, mode:FULL, rate:0
2025-11-27 09:03:03, MOVE, v:1, k:poo@agenda, mode:BACK
2025-11-27 09:13:39, MOVE, v:1, k:poo@agenda, mode:PICK
2025-11-27 09:13:40, EXEC, v:1, k:poo@agenda, mode:FULL, rate:0
2025-11-27 09:13:41, MOVE, v:1, k:poo@agenda, mode:BACK
2025-11-27 09:15:59, MOVE, v:1, k:poo@agenda, mode:PICK
2025-11-27 09:16:00, EXEC, v:1, k:poo@agenda, mode:FULL, rate:0
2025-11-27 09:16:12, EXEC, v:1, k:poo@agenda, mode:FULL, rate:0
2025-11-27 09:16:12, EXEC, v:1, k:poo@agenda, mode:FULL, rate:0
2025-11-27 09:16:13, EXEC, v:1, k:poo@agenda, mode:FULL, rate:0
2025-11-27 09:16:13, EXEC, v:1, k:poo@agenda, mode:FULL, rate:0
2025-11-27 09:16:13, EXEC, v:1, k:poo@agenda, mode:FULL, rate:0
2025-11-27 09:16:14, EXEC, v:1, k:poo@agenda, mode:FULL, rate:0
2025-11-27 09:16:14, EXEC, v:1, k:poo@agenda, mode:FULL, rate:0
2025-11-27 09:16:14, EXEC, v:1, k:poo@agenda, mode:FULL, rate:0
2025-11-27 09:16:29, EXEC, v:1, k:poo@agenda, mode:FULL, rate:0
2025-11-27 09:17:12, MOVE, v:1, k:poo@agenda, mode:BACK
2025-11-27 09:17:14, MOVE, v:1, k:poo@agenda, mode:PICK
2025-11-27 09:17:14, EXEC, v:1, k:poo@agenda, mode:FREE
2025-11-27 09:18:12, MOVE, v:1, k:poo@agenda, mode:BACK
2025-11-27 09:18:22, MOVE, v:1, k:poo@contato, mode:PICK
2025-11-27 09:18:23, EXEC, v:1, k:poo@contato, mode:FULL, rate:0, size:65
2025-11-27 09:18:32, MOVE, v:1, k:poo@contato, mode:BACK
2025-11-27 09:18:43, MOVE, v:1, k:poo@contato, mode:PICK
2025-11-27 09:18:44, EXEC, v:1, k:poo@contato, mode:FULL, rate:0
2025-11-27 09:18:46, MOVE, v:1, k:poo@contato, mode:BACK
2025-11-27 09:18:48, MOVE, v:1, k:poo@contato, mode:PICK
2025-11-27 09:18:49, EXEC, v:1, k:poo@contato, mode:FREE
2025-11-27 09:18:58, MOVE, v:1, k:poo@contato, mode:BACK
2025-11-27 09:24:38, MOVE, v:1, k:poo@contato, mode:PICK
2025-11-27 09:24:39, EXEC, v:1, k:poo@contato, mode:FULL, rate:0, size:72
2025-11-27 09:24:40, MOVE, v:1, k:poo@contato, mode:BACK
2025-11-27 09:24:49, MOVE, v:1, k:poo@contato, mode:PICK
2025-11-27 09:24:50, EXEC, v:1, k:poo@contato, mode:FULL, rate:0
2025-11-27 09:24:57, MOVE, v:1, k:poo@contato, mode:BACK
2025-11-27 09:25:36, MOVE, v:1, k:poo@contato, mode:PICK
2025-11-27 09:25:37, EXEC, v:1, k:poo@contato, mode:FULL, rate:0, size:74
2025-11-27 09:26:00, EXEC, v:1, k:poo@contato, mode:FULL, rate:0, size:74
2025-11-27 09:26:44, EXEC, v:1, k:poo@contato, mode:FULL, rate:0, size:74
2025-11-27 09:27:59, EXEC, v:1, k:poo@contato, mode:FULL, rate:0, size:79
2025-11-27 09:59:49, EXEC, v:1, k:poo@contato, mode:FULL, rate:0, size:96
2025-11-27 10:00:53, MOVE, v:1, k:poo@contato, mode:BACK
2025-11-27 10:09:19, MOVE, v:1, k:poo@contato, mode:PICK
2025-11-27 10:09:20, EXEC, v:1, k:poo@contato, mode:FULL, rate:0, size:99
2025-11-27 10:09:46, MOVE, v:1, k:poo@contato, mode:BACK
2025-11-27 10:09:48, MOVE, v:1, k:poo@contato, mode:PICK
2025-11-27 10:09:48, EXEC, v:1, k:poo@contato, mode:FREE
2025-11-27 10:10:10, MOVE, v:1, k:poo@contato, mode:PICK
2025-11-27 10:10:11, EXEC, v:1, k:poo@contato, mode:FULL, rate:0, size:99
2025-11-27 10:10:25, EXEC, v:1, k:poo@contato, mode:FULL, rate:0, size:99
2025-11-27 10:10:42, EXEC, v:1, k:poo@contato, mode:FULL, rate:40, size:99
