2025-11-28 09:57:36, EXEC, v:1, k:poo@contato, mode:FULL, rate:80
2025-11-28 09:57:55, MOVE, v:1, k:poo@contato, mode:BACK
2025-11-28 10:00:09, MOVE, v:1, k:poo@contato, mode:PICK
2025-11-28 10:00:09, EXEC, v:1, k:poo@contato, mode:FREE, size:105
2025-11-28 10:08:37, MOVE, v:1, k:poo@contato, mode:BACK
2025-11-28 14:33:50, MOVE, v:1, k:poo@agenda, mode:PICK
2025-11-28 14:33:51, MOVE, v:1, k:poo@agenda, mode:BACK
2025-11-28 14:33:52, MOVE, v:1, k:poo@contato, mode:PICK
2025-11-28 14:33:53, EXEC, v:1, k:poo@contato, mode:FULL, rate:80, size:99
2025-11-28 14:33:54, MOVE, v:1, k:poo@contato, mode:BACK
2025-11-28 14:36:42, MOVE, v:1, k:poo@contato, mode:PICK
2025-11-28 14:36:43, EXEC, v:1, k:poo@contato, mode:FULL, rate:80, size:99
2025-11-28 14:37:11, EXEC, v:1, k:poo@contato, mode:FULL, rate:0, size:99
2025-11-28 14:37:21, EXEC, v:1, k:poo@contato, mode:FULL, rate:0, size:99
2025-11-28 14:37:26, EXEC, v:1, k:poo@contato, mode:FULL, rate:80, size:99
2025-11-28 14:41:16, EXEC, v:1, k:poo@contato, mode:FULL, rate:100, size:100
2025-11-28 14:41:20, MOVE, v:1, k:poo@contato, mode:BACK
2025-11-28 14:41:39, SELF, v:1, k:poo@contato, rate:100, human:sim, iagen:sim, guide:sim, other:sim, alone:7
2025-11-28 14:42:30, MOVE, v:1, k:poo@agenda, mode:PICK
2025-11-28 14:42:31, EXEC, v:1, k:poo@agenda, mode:FULL, rate:0, size:2
2025-11-28 14:42:32, MOVE, v:1, k:poo@agenda, mode:BACK
2025-11-28 14:46:56, MOVE, v:1, k:poo@agenda, mode:PICK
2025-11-28 14:46:56, EXEC, v:1, k:poo@agenda, mode:FULL, rate:0, size:71
2025-11-28 14:46:57, MOVE, v:1, k:poo@agenda, mode:BACK
2025-11-28 15:01:44, MOVE, v:1, k:poo@agenda, mode:PICK
2025-11-28 15:01:44, EXEC, v:1, k:poo@agenda, mode:FULL, rate:0, size:103
2025-11-28 15:01:45, MOVE, v:1, k:poo@agenda, mode:BACK
